[html.theme-village.com/helpplus/index.html]
[backblue.gif]
[fade.gif]
[index.html]
[html.theme-village.com/helpplus/images/components/favicon.ico]
[html.theme-village.com/helpplus/css/bootstrap.min.css]
[html.theme-village.com/helpplus/css/fontawesome/all.min.css]
[html.theme-village.com/helpplus/css/font/flaticon.css]
[html.theme-village.com/helpplus/css/owl.carousel.min.css]
[html.theme-village.com/helpplus/css/animate.css]
[html.theme-village.com/helpplus/css/magnific-popup.css]
[html.theme-village.com/helpplus/css/nice-select.css]
[html.theme-village.com/helpplus/css/style.css]
[html.theme-village.com/helpplus/signin.html]
[html.theme-village.com/helpplus/index-2.html]
[html.theme-village.com/helpplus/images/components/logo.png]
[html.theme-village.com/helpplus/index-3.html]
[html.theme-village.com/helpplus/index-4.html]
[html.theme-village.com/helpplus/index-5.html]
[html.theme-village.com/helpplus/about.html]
[html.theme-village.com/helpplus/volunteer.html]
[html.theme-village.com/helpplus/volunteer-single.html]
[html.theme-village.com/helpplus/gallery.html]
[html.theme-village.com/helpplus/gallery-2.html]
[html.theme-village.com/helpplus/event.html]
[html.theme-village.com/helpplus/single-event.html]
[html.theme-village.com/helpplus/testimonial.html]
[html.theme-village.com/helpplus/donate.html]
[html.theme-village.com/helpplus/faq.html]
[html.theme-village.com/helpplus/signup.html]
[html.theme-village.com/helpplus/error.html]
[html.theme-village.com/helpplus/causes.html]
[html.theme-village.com/helpplus/single-cause.html]
[html.theme-village.com/helpplus/shop.html]
[html.theme-village.com/helpplus/single-product.html]
[html.theme-village.com/helpplus/cart.html]
[html.theme-village.com/helpplus/checkout.html]
[html.theme-village.com/helpplus/blog.html]
[html.theme-village.com/helpplus/blog-sidebar.html]
[html.theme-village.com/helpplus/single-post.html]
[html.theme-village.com/helpplus/contact.html]
[html.theme-village.com/helpplus/images/banner/banner-s1.jpg]
[html.theme-village.com/helpplus/images/banner/banner-s3.jpg]
[html.theme-village.com/helpplus/images/banner/banner-s4.jpg]
[html.theme-village.com/helpplus/images/banner/banner-s2.jpg]
[html.theme-village.com/helpplus/images/components/mis1.png]
[html.theme-village.com/helpplus/images/components/mis2.png]
[html.theme-village.com/helpplus/images/components/donate.png]
[html.theme-village.com/helpplus/images/other/rs-1.jpg]
[html.theme-village.com/helpplus/images/other/rs-2.jpg]
[html.theme-village.com/helpplus/images/other/rs-3.jpg]
[html.theme-village.com/helpplus/images/causes/cause1.jpg]
[html.theme-village.com/helpplus/images/components/ct1.png]
[html.theme-village.com/helpplus/images/components/ct2.png]
[html.theme-village.com/helpplus/images/components/ct3.png]
[html.theme-village.com/helpplus/images/components/ct4.png]
[html.theme-village.com/helpplus/images/causes/cs2.jpg]
[html.theme-village.com/helpplus/images/causes/cs1.jpg]
[html.theme-village.com/helpplus/images/causes/cs3.jpg]
[html.theme-village.com/helpplus/images/events/event1.jpg]
[html.theme-village.com/helpplus/images/events/event2.jpg]
[html.theme-village.com/helpplus/images/events/ev1.jpg]
[html.theme-village.com/helpplus/images/events/ev2.jpg]
[html.theme-village.com/helpplus/images/partner/partner-bg.jpg]
[html.theme-village.com/helpplus/images/partner/pt1.png]
[html.theme-village.com/helpplus/images/partner/pt2.png]
[html.theme-village.com/helpplus/images/partner/pt3.png]
[html.theme-village.com/helpplus/images/partner/pt4.png]
[html.theme-village.com/helpplus/images/partner/pt5.png]
[html.theme-village.com/helpplus/images/partner/pt6.png]
[html.theme-village.com/helpplus/images/banner/volunteer.jpg]
[html.theme-village.com/helpplus/images/components/f-logo.png]
[html.theme-village.com/cdn-cgi/scripts/5c5dd728/cloudflare-static/email-decode.min.js]
[html.theme-village.com/helpplus/js/jquery.min.js]
[html.theme-village.com/helpplus/js/bootstrap.bundle.min.js]
[html.theme-village.com/helpplus/js/owl.carousel.min.js]
[html.theme-village.com/helpplus/js/jquery.stellar.js]
[html.theme-village.com/helpplus/js/jquery.scrollUp.min.js]
[html.theme-village.com/helpplus/js/jquery.easing.1.3.js]
[html.theme-village.com/helpplus/js/jquery.magnific-popup.min.js]
[html.theme-village.com/helpplus/js/jquery.syotimer.min.js]
[html.theme-village.com/helpplus/js/wow.js]
[html.theme-village.com/helpplus/js/jquery.counterup.min.js]
[html.theme-village.com/helpplus/js/jquery.waypoints.min.js]
[html.theme-village.com/helpplus/js/isotope.pkgd.min.js]
[html.theme-village.com/helpplus/js/jquery.ajaxchimp.min.js]
[html.theme-village.com/helpplus/js/form.js]
[html.theme-village.com/helpplus/js/jquery-ui.min.js]
[html.theme-village.com/helpplus/js/jquery.nice-select.min.js]
[html.theme-village.com/helpplus/js/custom.js]
[html.theme-village.com/helpplus/index.html]
[html.theme-village.com/helpplus/css/bootstrap.min.css]
[html.theme-village.com/helpplus/fonts/fa-brands-400.woff2]
[html.theme-village.com/helpplus/fonts/fa-brands-400.ttf]
[html.theme-village.com/helpplus/fonts/fa-regular-400.woff2]
[html.theme-village.com/helpplus/fonts/fa-regular-400.ttf]
[html.theme-village.com/helpplus/fonts/fa-solid-900.woff2]
[html.theme-village.com/helpplus/fonts/fa-solid-900.ttf]
[html.theme-village.com/helpplus/fonts/fa-v4compatibility.woff2]
[html.theme-village.com/helpplus/fonts/fa-v4compatibility.ttf]
[html.theme-village.com/helpplus/css/fontawesome/all.min.css]
[html.theme-village.com/helpplus/css/font/Flaticon.eot]
[html.theme-village.com/helpplus/css/font/Flaticond41d.eot]
[html.theme-village.com/helpplus/css/font/Flaticon.woff]
[html.theme-village.com/helpplus/css/font/Flaticon.ttf]
[html.theme-village.com/helpplus/css/font/Flaticon.svg]
[html.theme-village.com/helpplus/css/font/flaticon.css]
[html.theme-village.com/helpplus/css/owl.video.play.png]
[html.theme-village.com/helpplus/css/owl.carousel.min.css]
[html.theme-village.com/helpplus/css/animate.css]
[html.theme-village.com/helpplus/css/magnific-popup.css]
[html.theme-village.com/helpplus/css/nice-select.css]
[html.theme-village.com/helpplus/images/banner/bg-shape.png]
[html.theme-village.com/helpplus/images/banner/0b2.jpg]
[html.theme-village.com/helpplus/images/banner/team-bg.jpg]
[html.theme-village.com/helpplus/css/style.css]
[html.theme-village.com/helpplus/images/banner/cta-bg.jpg]
[html.theme-village.com/helpplus/signin.html]
[html.theme-village.com/helpplus/index-2.html]
[html.theme-village.com/helpplus/login.html]
[html.theme-village.com/helpplus/images/banner/banner2.jpg]
[html.theme-village.com/helpplus/images/banner/ban.jpg]
[html.theme-village.com/helpplus/images/banner/banner7.jpg]
[html.theme-village.com/helpplus/images/components/hand.png]
[html.theme-village.com/helpplus/images/components/volunteer.png]
[html.theme-village.com/helpplus/images/components/care.png]
[html.theme-village.com/helpplus/index-3.html]
[html.theme-village.com/helpplus/images/banner/banner5.jpg]
[html.theme-village.com/helpplus/images/banner/banner4.jpg]
[html.theme-village.com/helpplus/images/components/mis3.png]
[html.theme-village.com/helpplus/images/causes/cs4.jpg]
[html.theme-village.com/helpplus/images/causes/cs5.jpg]
[html.theme-village.com/helpplus/images/causes/cs6.jpg]
[html.theme-village.com/helpplus/images/project/pr1.jpg]
[html.theme-village.com/helpplus/images/banner/donation.jpg]
[html.theme-village.com/helpplus/images/blog/blog-1.jpg]
[html.theme-village.com/helpplus/single-blog.html]
[html.theme-village.com/helpplus/images/blog/blog-2.jpg]
[html.theme-village.com/helpplus/images/blog/blog-3.jpg]
[html.theme-village.com/helpplus/images/blog/blog-4.jpg]
[html.theme-village.com/helpplus/images/team/tm3.jpg]
[html.theme-village.com/helpplus/images/team/tm4.jpg]
[html.theme-village.com/helpplus/images/team/tm1.jpg]
[html.theme-village.com/helpplus/images/team/tm2.jpg]
[html.theme-village.com/helpplus/index-4.html]
[html.theme-village.com/helpplus/images/other/0rs-1.jpg]
[html.theme-village.com/helpplus/index-5.html]
[html.theme-village.com/helpplus/images/about-us/about-us1.jpg]
[html.theme-village.com/helpplus/images/about-us/about-us2.jpg]
[html.theme-village.com/helpplus/images/about-us/about-us3.jpg]
[html.theme-village.com/helpplus/about.html]
[html.theme-village.com/helpplus/images/team/tm7.jpg]
[html.theme-village.com/helpplus/images/team/tm5.jpg]
[html.theme-village.com/helpplus/images/team/tm6.jpg]
[html.theme-village.com/helpplus/images/team/tm8.jpg]
[html.theme-village.com/helpplus/volunteer.html]
[html.theme-village.com/helpplus/images/team/b-tm1.jpg]
[html.theme-village.com/helpplus/volunteer-single.html]
[html.theme-village.com/helpplus/images/gallery/gl-1.jpg]
[html.theme-village.com/helpplus/images/gallery/gl-2.jpg]
[html.theme-village.com/helpplus/images/gallery/gl-3.jpg]
[html.theme-village.com/helpplus/images/gallery/gl-4.jpg]
[html.theme-village.com/helpplus/images/gallery/gl-5.jpg]
[html.theme-village.com/helpplus/images/gallery/gl-6.jpg]
[html.theme-village.com/helpplus/images/gallery/gl-7.jpg]
[html.theme-village.com/helpplus/images/gallery/gl-8.jpg]
[html.theme-village.com/helpplus/images/gallery/gl-9.jpg]
[html.theme-village.com/helpplus/gallery.html]
[html.theme-village.com/helpplus/gallery-2.html]
[html.theme-village.com/helpplus/images/blog/blog-8.jpg]
[html.theme-village.com/helpplus/images/blog/insta.jpg]
[html.theme-village.com/helpplus/images/blog/ins1.jpg]
[html.theme-village.com/helpplus/images/blog/ins2.jpg]
[html.theme-village.com/helpplus/images/blog/pp4.jpg]
[html.theme-village.com/helpplus/images/blog/ins4.jpg]
[html.theme-village.com/helpplus/images/blog/ins5.jpg]
[html.theme-village.com/helpplus/event.html]
[html.theme-village.com/helpplus/images/events/b-event.jpg]
[html.theme-village.com/helpplus/single-event.html]
[html.theme-village.com/helpplus/testimonial.html]
[html.theme-village.com/helpplus/donate.html]
[html.theme-village.com/helpplus/faq.html]
[html.theme-village.com/helpplus/signup.html]
[html.theme-village.com/helpplus/error.html]
[html.theme-village.com/helpplus/images/causes/cs8.jpg]
[html.theme-village.com/helpplus/causes.html]
[html.theme-village.com/helpplus/images/causes/b-cs1.jpg]
[html.theme-village.com/helpplus/single-cause.html]
[html.theme-village.com/helpplus/css/jquery-ui.min.css]
[html.theme-village.com/helpplus/images/shop/shop3.jpg]
[html.theme-village.com/helpplus/images/shop/shop4.jpg]
[html.theme-village.com/helpplus/images/shop/shop5.jpg]
[html.theme-village.com/helpplus/images/shop/shop2.jpg]
[html.theme-village.com/helpplus/shop.html]
[html.theme-village.com/helpplus/images/shop/b-shop.jpg]
[html.theme-village.com/helpplus/images/shop/shop9.jpg]
[html.theme-village.com/helpplus/images/blog/cl.jpg]
[html.theme-village.com/helpplus/images/shop/shop7.jpg]
[html.theme-village.com/helpplus/single-product.html]
[html.theme-village.com/helpplus/cart.html]
[html.theme-village.com/helpplus/checkout.html]
[html.theme-village.com/helpplus/images/blog/blog-5.jpg]
[html.theme-village.com/helpplus/images/blog/blog-6.jpg]
[html.theme-village.com/helpplus/images/blog/blog-7.jpg]
[html.theme-village.com/helpplus/images/blog/blog-9.jpg]
[html.theme-village.com/helpplus/js/google-map.js]
[html.theme-village.com/helpplus/blog.html]
[html.theme-village.com/helpplus/images/blog/pp1.jpg]
[html.theme-village.com/helpplus/images/blog/pp3.jpg]
[html.theme-village.com/helpplus/images/blog/pp2.jpg]
[html.theme-village.com/helpplus/blog-sidebar.html]
[html.theme-village.com/helpplus/single-post.html]
[html.theme-village.com/helpplus/422079460722]
[html.theme-village.com/helpplus/www.theme-village.com]
[html.theme-village.com/helpplus/contact.html]
[html.theme-village.com/helpplus/fonts/fa-brands-400.html]
[html.theme-village.com/helpplus/fonts/fa-regular-400.html]
[html.theme-village.com/helpplus/fonts/fa-solid-900.html]
[html.theme-village.com/helpplus/fonts/fa-v4compatibility.html]
[html.theme-village.com/helpplus/fonts/fa-v4compatibility-2.html]
[html.theme-village.com/helpplus/css/font/Flaticon.html]
[html.theme-village.com/helpplus/css/font/Flaticond41d.html]
[html.theme-village.com/helpplus/css/font/Flaticon-2.html]
[html.theme-village.com/helpplus/css/font/Flaticon-3.html]
[html.theme-village.com/helpplus/css/owl.video.play.html]
[html.theme-village.com/helpplus/login.html]
[html.theme-village.com/helpplus/images/causes/cs4.html]
[html.theme-village.com/helpplus/images/blog/sblog.jpg]
[html.theme-village.com/helpplus/images/blog/cl2.jpg]
[html.theme-village.com/helpplus/images/blog/cl3.jpg]
[html.theme-village.com/helpplus/single-blog.html]
[html.theme-village.com/helpplus/images/gallery/gl-4.html]
[html.theme-village.com/helpplus/css/images/ui-icons_444444_256x240.png]
[html.theme-village.com/helpplus/css/images/ui-icons_555555_256x240.png]
[html.theme-village.com/helpplus/css/images/ui-icons_ffffff_256x240.png]
[html.theme-village.com/helpplus/css/images/ui-icons_777620_256x240.png]
[html.theme-village.com/helpplus/css/images/ui-icons_cc0000_256x240.png]
[html.theme-village.com/helpplus/css/images/ui-icons_777777_256x240.png]
[html.theme-village.com/helpplus/css/jquery-ui.min.css]
[html.theme-village.com/helpplus/js/google-map.html]
[html.theme-village.com/helpplus/images/blog/pp1.html]
[html.theme-village.com/helpplus/images/blog/pp3.html]
[html.theme-village.com/helpplus/images/blog/pp2.html]
[html.theme-village.com/helpplus/422079460722.html]
[html.theme-village.com/helpplus/www.theme-village.html]
[html.theme-village.com/helpplus/css/images/ui-icons_444444_256x240.html]
[html.theme-village.com/helpplus/css/images/ui-icons_555555_256x240.html]
[html.theme-village.com/helpplus/css/images/ui-icons_ffffff_256x240.html]
[html.theme-village.com/helpplus/css/images/ui-icons_777620_256x240.html]
[html.theme-village.com/helpplus/css/images/ui-icons_cc0000_256x240.html]
[html.theme-village.com/helpplus/css/images/ui-icons_777777_256x240.html]
